<?xml version="1.0" encoding="UTF-8"?>
<robot generator="Robot 3.1.2 (Python 3.6.2rc2 on win32)" generated="20190723 12:13:15.368" rpa="false">
<suite id="s1" name="Amazon" source="C:\C\Robot scripts\Amazon\amazon.robot">
<test id="s1-t1" name="Test browser open close">
<kw name="Open Browser" library="SeleniumLibrary">
<doc>Opens a new browser instance to the given ``url``.</doc>
<arguments>
<arg>https://www.amazon.in browser=chrome</arg>
</arguments>
<msg timestamp="20190723 12:13:15.598" level="INFO">Opening browser 'firefox' to base url 'https://www.amazon.in browser=chrome'.</msg>
<kw name="Capture Page Screenshot" library="SeleniumLibrary">
<doc>Takes screenshot of the current page and embeds it into log file.</doc>
<msg timestamp="20190723 12:13:15.602" level="INFO">Cannot capture screenshot because no browser is open.</msg>
<status status="PASS" starttime="20190723 12:13:15.602" endtime="20190723 12:13:15.602"></status>
</kw>
<msg timestamp="20190723 12:13:15.604" level="FAIL">WebDriverException: Message: 'geckodriver' executable needs to be in PATH. 
</msg>
<status status="FAIL" starttime="20190723 12:13:15.598" endtime="20190723 12:13:15.604"></status>
</kw>
<doc>"This is a test for opening and closing a browser"</doc>
<status status="FAIL" starttime="20190723 12:13:15.597" endtime="20190723 12:13:15.605" critical="yes">WebDriverException: Message: 'geckodriver' executable needs to be in PATH. 
</status>
</test>
<doc>"Test browsers"</doc>
<status status="FAIL" starttime="20190723 12:13:15.369" endtime="20190723 12:13:15.606"></status>
</suite>
<statistics>
<total>
<stat pass="0" fail="1">Critical Tests</stat>
<stat pass="0" fail="1">All Tests</stat>
</total>
<tag>
</tag>
<suite>
<stat pass="0" fail="1" id="s1" name="Amazon">Amazon</stat>
</suite>
</statistics>
<errors>
</errors>
</robot>
